almond aquamarine mint misty red
almond azure drab ghost mint
almond bisque steel rosy burlywood
almond chiffon indian green dim
almond chocolate firebrick black bisque
almond cornsilk antique light honeydew
almond firebrick beige smoke maroon
almond floral grey dim sky
almond ghost powder blush forest
almond hot peach cornflower antique
almond khaki chartreuse hot seashell
almond lavender honeydew burnished orchid
almond lemon olive smoke moccasin
almond linen pale aquamarine ghost
almond magenta cornsilk metallic blue
almond misty chiffon dodger goldenrod
almond moccasin salmon dim peru
almond rosy green hot midnight
almond saddle papaya seashell burlywood
almond seashell azure blanched light
almond sky red lime smoke
almond smoke red metallic tan
almond smoke wheat seashell powder
almond steel maroon chiffon frosted
almond steel slate sky rose
almond thistle cornsilk bisque blush
antique beige brown deep dodger
antique brown tan red mint
antique dodger sienna moccasin slate
antique gainsboro light magenta brown
antique goldenrod floral forest slate
antique grey misty medium firebrick
antique hot snow burnished ghost
antique maroon olive turquoise lace
antique orange peach puff steel
antique orchid burlywood orange lime
antique orchid cornflower puff almond
antique plum smoke pink dodger
antique powder almond navajo lace
antique puff pink chartreuse floral
antique rosy frosted almond tan
antique saddle almond lawn lemon
aquamarine bisque midnight antique spring
aquamarine blanched misty moccasin sky
aquamarine burnished sandy deep bisque
aquamarine chartreuse deep magenta olive
aquamarine coral lemon ivory gainsboro
aquamarine drab dodger midnight rose
aquamarine frosted orange dodger khaki
aquamarine ghost navajo gainsboro chartreuse
aquamarine grey plum saddle lawn
aquamarine hot lace navy beige
aquamarine ivory magenta linen black
aquamarine lavender maroon slate hot
aquamarine light lemon sandy khaki
aquamarine lime goldenrod maroon saddle
aquamarine magenta seashell orange royal
aquamarine maroon coral blanched steel
aquamarine maroon wheat salmon metallic
aquamarine orange saddle hot red
aquamarine powder orange yellow lace
aquamarine puff antique drab beige
aquamarine purple spring gainsboro salmon
aquamarine rosy violet moccasin snow
aquamarine seashell grey navy white
aquamarine snow powder cornsilk hot
aquamarine steel firebrick light turquoise
aquamarine tan lemon salmon peach
aquamarine thistle pink cornflower pale
aquamarine tomato hot pink lawn
azure beige olive dim orange
azure burnished honeydew navy cyan
azure chocolate lavender blanched burnished
azure cornsilk indian floral aquamarine
azure dark sienna black wheat
azure lace chartreuse spring cream
azure lime gainsboro orchid firebrick
azure linen grey blanched dim
azure magenta lace smoke ghost
azure magenta powder salmon orange
azure peach lavender frosted orchid
azure sky tomato midnight lace
azure smoke mint cream burlywood
beige azure red plum olive
beige blanched coral cornsilk sky
beige blue wheat medium khaki
beige chartreuse royal maroon cornsilk
beige coral powder papaya black
beige cornflower gainsboro chiffon wheat
beige cyan burlywood chiffon light
beige floral goldenrod lace almond
beige frosted cyan hot puff
beige frosted moccasin chocolate snow
beige indian lime sienna plum
beige lemon forest lace plum
beige olive tan pale lace
beige orchid chartreuse powder slate
beige papaya grey ivory white
beige royal ghost linen almond
beige saddle magenta cyan dim
beige slate magenta dim salmon
beige smoke slate steel lavender
beige spring floral wheat drab
beige steel tomato chiffon burnished
beige thistle smoke moccasin rose
beige violet black magenta chartreuse
bisque almond lavender pale royal
bisque blue drab cyan almond
bisque blush beige honeydew slate
bisque chiffon orange misty tan
bisque cornflower lawn forest magenta
bisque cyan rosy ivory blanched
bisque deep cornsilk honeydew tomato
bisque dodger blanched steel maroon
bisque floral dim burlywood moccasin
bisque frosted khaki linen royal
bisque green indian dark yellow
bisque grey honeydew goldenrod ghost
bisque indian smoke beige linen
bisque ivory mint purple almond
bisque khaki thistle orange medium
bisque light frosted white olive
bisque misty dark hot blush
bisque misty firebrick lemon dodger
bisque misty sky cornflower peach
bisque navajo cream olive tan
bisque navajo mint medium seashell
bisque peach magenta tomato yellow
bisque red peru almond grey
bisque rose cornsilk seashell purple
bisque rose tan midnight antique
bisque rosy olive peach chiffon
bisque royal goldenrod medium thistle
bisque saddle cyan rose wheat
bisque saddle hot steel frosted
bisque salmon cyan powder sandy
bisque sienna hot goldenrod khaki
bisque snow turquoise lace blush
black bisque plum pale cyan
black dark gainsboro orange wheat
black drab deep blue maroon
black firebrick navy beige peach
black frosted aquamarine maroon orange
black indian forest hot olive
black lavender dark cornflower grey
black lawn light plum blush
black linen ghost coral magenta
black metallic tomato khaki rosy
black mint olive drab medium
black navy rose honeydew violet
black olive light sandy linen
black pink plum blanched linen
black plum tomato cornflower medium
black rosy ghost yellow ivory
black royal forest dim yellow
black seashell sky grey snow
black slate wheat firebrick thistle
black tan metallic dark misty
black tan salmon maroon chartreuse
blanched cyan sandy drab blue
blanched deep sky ghost antique
blanched drab deep spring orange
blanched ghost turquoise burlywood spring
blanched honeydew sky turquoise medium
blanched indian pink frosted grey
blanched khaki antique red grey
blanched lemon magenta medium dark
blanched light indian goldenrod dim
blanched lime almond moccasin floral
blanched maroon blush burlywood salmon
blanched mint yellow papaya cyan
blanched misty hot peach cyan
blanched misty turquoise black plum
blanched peach salmon chiffon azure
blanched pink frosted mint snow
blanched plum navajo beige indian
blanched rose black lawn dark
blanched rose royal tomato hot
blanched seashell navy black dim
blanched thistle ivory powder grey
blue azure slate lace burlywood
blue beige seashell purple lime
blue bisque lace maroon pale
blue coral gainsboro slate lawn
blue drab lime khaki sienna
blue gainsboro maroon green burnished
blue gainsboro sky burnished puff
blue lemon hot burnished salmon
blue medium royal blush ghost
blue misty navajo moccasin pale
blue olive tan rosy navajo
blue orchid rose chocolate spring
blue peach smoke coral cream
blue sienna navy coral violet
blue spring grey bisque orange
blue tomato royal lemon ivory
blue turquoise tomato smoke orchid
blue violet white papaya royal
blue violet yellow khaki azure
blush antique goldenrod linen rosy
blush beige goldenrod red yellow
blush brown goldenrod snow tan
blush chocolate floral goldenrod lavender
blush chocolate light coral midnight
blush coral medium ivory snow
blush cyan azure snow sandy
blush firebrick misty blanched purple
blush floral tan thistle chiffon
blush forest slate seashell puff
blush frosted powder antique blanched
blush goldenrod purple green indian
blush green dim lawn peru
blush lemon steel peach gainsboro
blush magenta ghost tomato rose
blush metallic maroon lawn forest
blush navajo peru chartreuse dim
blush navy indian peru lemon
blush orchid rose tomato purple
blush peru gainsboro dodger sandy
blush plum tomato floral olive
blush powder ivory lemon maroon
blush sienna honeydew yellow goldenrod
blush thistle blue yellow saddle
blush thistle chartreuse tomato navy
blush thistle orchid red lace
blush tomato lace puff orchid
blush yellow indian cyan orchid
blush yellow red dodger navy
brown black cream navy plum
brown black ghost green cream
brown blush dark white mint
brown blush frosted moccasin olive
brown floral light black orchid
brown ghost slate seashell lawn
brown lavender spring chocolate firebrick
brown lime sky purple salmon
brown maroon powder antique midnight
brown midnight plum violet tomato
brown mint lavender moccasin slate
brown navy tan salmon honeydew
brown olive black seashell lavender
brown saddle powder white peru
brown seashell hot lavender frosted
brown seashell red bisque sandy
brown smoke sandy honeydew antique
brown thistle magenta wheat blanched
brown violet turquoise frosted navajo
burlywood blue magenta grey forest
burlywood chocolate almond ivory coral
burlywood cornflower aquamarine misty snow
burlywood cyan rose lavender sky
burlywood dark blue thistle navajo
burlywood dark steel sky blue
burlywood deep antique snow wheat
burlywood deep hot turquoise chartreuse
burlywood dim tan drab ghost
burlywood ghost orchid misty coral
burlywood goldenrod pink peru sienna
burlywood honeydew cornsilk indian green
burlywood moccasin steel grey powder
burlywood orchid dark drab dodger
burlywood peach papaya violet midnight
burlywood rosy turquoise coral mint
burlywood seashell slate white cream
burlywood smoke tan steel royal
burlywood thistle royal blush ghost
burnished azure sienna navajo peru
burnished black almond white violet
burnished black blue metallic orchid
burnished blush gainsboro yellow ivory
burnished cornflower pink puff burlywood
burnished cornsilk chiffon plum forest
burnished dim gainsboro thistle blue
burnished firebrick ivory peru steel
burnished firebrick light steel lemon
burnished frosted chocolate aquamarine ivory
burnished frosted ghost olive powder
burnished ghost coral maroon yellow
burnished goldenrod royal plum midnight
burnished grey honeydew green linen
burnished hot drab midnight tan
burnished lime green turquoise red
burnished lime seashell blue cornsilk
burnished medium misty midnight wheat
burnished pale medium turquoise lace
burnished peru lawn cyan sienna
burnished puff coral light papaya
burnished seashell floral moccasin antique
burnished sky sandy sienna red
burnished spring azure green chocolate
burnished turquoise forest smoke plum
burnished white midnight black snow
chartreuse azure lemon saddle dark
chartreuse beige bisque dark wheat
chartreuse bisque wheat puff honeydew
chartreuse brown peach drab snow
chartreuse goldenrod midnight cornflower blush
chartreuse hot magenta purple thistle
chartreuse lawn lace midnight chiffon
chartreuse lawn peru peach cornflower
chartreuse linen grey slate saddle
chartreuse linen violet ghost thistle
chartreuse medium gainsboro honeydew saddle
chartreuse navajo moccasin orchid spring
chartreuse peach olive coral sandy
chartreuse peach spring cornflower tan
chartreuse pink azure tan slate
chartreuse puff chiffon lemon peru
chartreuse seashell powder navy grey
chartreuse thistle midnight magenta violet
chartreuse tomato rose chocolate magenta
chartreuse white firebrick salmon slate
chiffon bisque sienna black royal
chiffon bisque steel orange tomato
chiffon blanched grey midnight deep
chiffon coral wheat peru lavender
chiffon goldenrod grey light coral
chiffon ivory lawn metallic beige
chiffon lace linen steel bisque
chiffon lawn saddle powder peach
chiffon linen rose white rosy
chiffon papaya lavender tomato spring
chiffon pink bisque yellow frosted
chiffon red frosted peach spring
chiffon royal lime almond midnight
chiffon saddle snow ghost blanched
chiffon salmon beige pink yellow
chiffon seashell slate smoke lawn
chiffon steel peach black moccasin
chiffon tan forest moccasin dark
chocolate azure green sandy beige
chocolate beige cornsilk lawn olive
chocolate blue smoke azure sandy
chocolate burnished lemon drab chartreuse
chocolate burnished orchid mint royal
chocolate cornsilk goldenrod violet puff
chocolate cornsilk midnight beige floral
chocolate dim honeydew orange dodger
chocolate frosted turquoise brown puff
chocolate honeydew khaki aquamarine white
chocolate indian lemon light magenta
chocolate light firebrick rose indian
chocolate navy tan deep brown
chocolate pale blue sienna smoke
chocolate red salmon drab medium
chocolate royal cornflower papaya yellow
chocolate slate maroon azure goldenrod
chocolate tomato light chartreuse orange
coral antique peach navy violet
coral beige sandy olive steel
coral dodger beige black chartreuse
coral green black chocolate mint
coral lavender seashell rosy burlywood
coral light mint chartreuse beige
coral magenta light floral tomato
coral mint sky rosy red
coral misty brown grey hot
coral navy aquamarine hot turquoise
coral orchid grey lavender misty
coral peach bisque green seashell
coral peach medium pale light
coral peru forest thistle khaki
coral rose drab cream midnight
coral rose puff chiffon green
coral saddle indian lime frosted
coral thistle blanched linen tan
cornflower brown rosy seashell mint
cornflower burlywood blue spring purple
cornflower chocolate floral burnished green
cornflower chocolate smoke green pink
cornflower deep turquoise slate sandy
cornflower dodger saddle ivory tan
cornflower green sandy chiffon cyan
cornflower honeydew lavender ivory royal
cornflower hot lace navy chocolate
cornflower hot red aquamarine powder
cornflower lime midnight plum forest
cornflower medium salmon coral magenta
cornflower navy smoke chartreuse snow
cornflower pale almond lemon linen
cornflower peru seashell orchid beige
cornflower puff lime pink misty
cornflower sky powder cyan linen
cornflower tan gainsboro sandy honeydew
cornflower wheat orange maroon ghost
cornflower white papaya violet navajo
cornsilk bisque seashell lemon frosted
cornsilk blue yellow powder lime
cornsilk blush bisque hot cyan
cornsilk burnished black blanched turquoise
cornsilk drab ghost sandy royal
cornsilk grey sienna blue sky
cornsilk khaki olive navy tan
cornsilk lace brown pink coral
cornsilk lace white medium honeydew
cornsilk linen gainsboro lemon papaya
cornsilk maroon blanched thistle rosy
cornsilk peach dim ghost brown
cornsilk peru steel beige blue
cornsilk pink cornflower goldenrod navajo
cornsilk powder bisque chartreuse spring
cornsilk seashell lime aquamarine violet
cornsilk snow lace dodger azure
cornsilk tomato chiffon bisque navy
cornsilk tomato firebrick tan puff
cornsilk turquoise blanched forest maroon
cream aquamarine violet medium midnight
cream brown grey burlywood bisque
cream burnished steel royal lemon
cream chartreuse lawn beige plum
cream coral sandy thistle spring
cream cornsilk linen pale bisque
cream deep black tan brown
cream deep floral grey chiffon
cream green floral powder dim
cream honeydew burlywood light pale
cream indian deep linen antique
cream ivory brown peach honeydew
cream lavender black grey royal
cream lemon goldenrod rosy aquamarine
cream magenta lavender firebrick purple
cream misty floral moccasin antique
cream misty steel spring medium
cream moccasin royal dim chiffon
cream navajo drab dark peru
cream navy mint peru burlywood
cream orange seashell orchid plum
cream puff coral ghost burlywood
cream red aquamarine chiffon sandy
cream royal light yellow hot
cream seashell orange frosted brown
cream sienna sandy thistle medium
cream tomato rose floral steel
cream white navajo frosted puff
cyan aquamarine red plum frosted
cyan blanched red steel sky
cyan burlywood thistle black deep
cyan burnished tomato chiffon navy
cyan cream forest magenta smoke
cyan firebrick medium orchid white
cyan frosted spring orange puff
cyan lawn snow sky peru
cyan lime lawn misty mint
cyan moccasin blanched light purple
cyan navajo turquoise forest firebrick
cyan orange beige magenta orchid
cyan orchid grey tan bisque
cyan orchid indian cornflower saddle
cyan powder brown sandy burlywood
cyan royal metallic coral white
cyan snow azure slate papaya
cyan turquoise azure pink dark
cyan white honeydew blue hot
dark aquamarine tomato medium puff
dark black almond olive salmon
dark black rosy yellow ivory
dark burlywood burnished snow sky
dark chocolate wheat ivory orchid
dark cream plum goldenrod smoke
dark firebrick peach mint light
dark floral beige hot cornflower
dark forest antique lace metallic
dark hot grey peach black
dark indian snow cornflower cream
dark linen orange plum seashell
dark midnight forest lace sandy
dark moccasin bisque cyan azure
dark moccasin snow lavender salmon
dark powder hot chartreuse moccasin
dark powder rose puff seashell
dark sienna thistle sandy maroon
dark slate almond ghost chartreuse
dark thistle saddle navajo firebrick
dark violet medium frosted goldenrod
dark white slate honeydew maroon
deep antique royal bisque rosy
deep black beige frosted cornsilk
deep chocolate wheat blue floral
deep coral dodger green peach
deep dim peach light beige
deep firebrick slate dim misty
deep ghost cornflower ivory burnished
deep grey powder steel peach
deep hot midnight aquamarine dark
deep light brown tan yellow
deep peru lavender antique royal
deep powder linen lime forest
deep puff brown blue burlywood
deep royal drab violet chartreuse
deep sky turquoise drab peach
deep turquoise light pale saddle
deep wheat forest powder firebrick
deep white khaki floral cornflower
deep yellow coral sienna white
dim almond turquoise beige royal
dim antique dark blanched pink
dim beige navy honeydew slate
dim black maroon grey cornsilk
dim blanched sienna indian sandy
dim blue slate dodger yellow
dim blush puff chiffon salmon
dim cornflower powder bisque tomato
dim cyan bisque black smoke
dim deep aquamarine smoke pale
dim deep puff pink floral
dim drab snow spring plum
dim green salmon orange coral
dim grey gainsboro chiffon aquamarine
dim hot bisque lime smoke
dim ivory pink orchid chartreuse
dim magenta cyan spring peach
dim midnight beige lace hot
dim misty lime purple cornsilk
dim orange beige plum navy
dim orange dodger khaki light
dim peach moccasin snow floral
dim puff frosted brown sky
dim rose rosy almond purple
dim saddle lace violet seashell
dim spring tan turquoise dodger
dim tan peru floral blanched
dim yellow aquamarine lavender peach
dodger antique tan coral honeydew
dodger beige maroon puff medium
dodger beige wheat orchid navy
dodger brown ivory blue pink
dodger burnished yellow wheat antique
dodger cream snow pink floral
dodger firebrick peach ivory seashell
dodger gainsboro violet steel papaya
dodger grey drab moccasin lemon
dodger light burnished papaya bisque
dodger midnight salmon drab saddle
dodger moccasin chocolate burlywood drab
dodger moccasin lemon purple thistle
dodger moccasin wheat puff lace
dodger navajo navy peru salmon
dodger papaya goldenrod antique brown
dodger purple green peach navajo
dodger slate pale mint navajo
dodger smoke spring rosy turquoise
dodger snow orange almond magenta
dodger spring antique lace papaya
dodger wheat puff magenta drab
dodger wheat steel grey sky
dodger white chiffon moccasin green
drab aquamarine red papaya pale
drab bisque puff ghost floral
drab burnished white black lavender
drab chiffon lace plum white
drab cyan orange blush forest
drab khaki lavender bisque plum
drab lavender lawn purple puff
drab lavender moccasin almond purple
drab mint ghost dark metallic
drab orange brown tan lemon
drab orchid misty puff lace
drab peru royal pink peach
drab plum olive firebrick beige
drab rosy orange peach medium
drab slate hot black khaki
drab smoke metallic pale dark
drab snow chartreuse dim ivory
drab steel linen puff rosy
drab steel royal medium chartreuse
drab turquoise ivory snow lemon
drab wheat grey burnished burlywood
drab yellow spring turquoise rose
firebrick azure mint chocolate wheat
firebrick black dodger pink salmon
firebrick black ivory spring medium
firebrick coral black forest beige
firebrick cyan ghost lawn chartreuse
firebrick ghost steel green chartreuse
firebrick indian forest rose khaki
firebrick metallic floral azure grey
firebrick mint lavender turquoise ghost
firebrick navy rose beige black
firebrick olive chartreuse frosted ivory
firebrick orchid cyan brown saddle
firebrick pink grey saddle peach
firebrick saddle chocolate peru ghost
firebrick seashell olive ivory mint
firebrick slate grey coral goldenrod
firebrick tan lemon green puff
firebrick thistle lime frosted khaki
firebrick violet cyan tomato wheat
floral aquamarine olive red spring
floral aquamarine steel cornsilk gainsboro
floral blanched papaya khaki light
floral blush lawn puff brown
floral blush snow linen almond
floral brown burnished blue metallic
floral cornsilk grey purple saddle
floral dark dodger chartreuse lavender
floral deep frosted drab bisque
floral frosted seashell light red
floral goldenrod medium chocolate mint
floral ivory drab cyan black
floral khaki grey metallic firebrick
floral lime misty lace purple
floral metallic lawn deep sky
floral misty smoke royal puff
floral moccasin puff rosy ghost
floral pale cornflower metallic spring
floral peru sandy white dim
floral powder deep linen hot
floral spring navy misty azure
floral steel burlywood navy cream
floral steel midnight red brown
floral turquoise navy cream lawn
floral violet saddle dark blue
floral yellow snow firebrick navajo
forest almond lime olive lavender
forest beige turquoise maroon purple
forest brown coral puff cream
forest chartreuse plum royal papaya
forest indian snow grey peru
forest lemon cream black pink
forest lime maroon hot coral
forest metallic blush white moccasin
forest mint sienna navy ghost
forest peach sky chocolate tan
forest puff drab beige blue
forest purple lawn yellow azure
forest sandy wheat blue snow
forest smoke aquamarine cyan dim
forest steel floral orange frosted
forest turquoise black floral linen
frosted antique aquamarine seashell powder
frosted aquamarine sandy lace rosy
frosted beige moccasin dim burnished
frosted beige olive blue navajo
frosted black moccasin lawn goldenrod
frosted blue ghost purple coral
frosted blush black metallic burlywood
frosted blush firebrick linen salmon
frosted burlywood honeydew pink lawn
frosted burnished tomato chiffon seashell
frosted chocolate dodger honeydew ghost
frosted chocolate spring peach lawn
frosted cornflower ghost lime smoke
frosted cornflower khaki salmon metallic
frosted cornflower misty plum magenta
frosted cornsilk tomato burnished smoke
frosted cream chartreuse goldenrod smoke
frosted deep powder beige lemon
frosted dodger cyan medium indian
frosted drab mint powder metallic
frosted gainsboro chiffon lawn green
frosted grey aquamarine thistle papaya
frosted lace turquoise sky sandy
frosted lavender black deep ghost
frosted lawn violet turquoise coral
frosted metallic mint lawn blanched
frosted orange yellow seashell navajo
frosted orchid blanched seashell steel
frosted peru chiffon yellow aquamarine
frosted purple sky steel papaya
frosted rosy powder floral mint
frosted sky burlywood steel ghost
frosted tomato almond salmon powder
frosted tomato deep burnished indian
frosted violet seashell linen sienna
gainsboro blanched chiffon orchid dim
gainsboro chocolate bisque sandy steel
gainsboro chocolate maroon hot sienna
gainsboro coral frosted misty grey
gainsboro dark cornflower aquamarine olive
gainsboro dim cyan frosted thistle
gainsboro dim misty violet coral
gainsboro dim navajo chartreuse olive
gainsboro dodger rosy hot steel
gainsboro indian aquamarine lemon blush
gainsboro navajo mint cornflower grey
gainsboro papaya chocolate blush steel
gainsboro pink grey tan almond
gainsboro plum powder seashell lawn
gainsboro powder cyan pale rosy
gainsboro royal forest dark lace
gainsboro sienna lawn lavender tan
gainsboro sky turquoise ghost mint
gainsboro tomato lawn peru bisque
gainsboro white medium spring navajo
ghost antique snow cream cyan
ghost aquamarine gainsboro lemon peach
ghost black hot salmon lace
ghost black thistle navy lawn
ghost blanched forest khaki rose
ghost blue indian cornsilk drab
ghost gainsboro blush royal green
ghost honeydew cyan lawn powder
ghost indian brown purple cyan
ghost lace lemon sienna saddle
ghost maroon green khaki plum
ghost mint hot bisque salmon
ghost misty chocolate peach green
ghost moccasin turquoise seashell cyan
ghost olive orange rosy thistle
ghost plum brown coral cornsilk
ghost puff sky linen burnished
ghost rosy beige salmon lemon
ghost steel beige puff coral
ghost steel beige turquoise ivory
ghost steel thistle honeydew pink
ghost violet wheat saddle almond
ghost white drab green wheat
ghost white moccasin yellow papaya
goldenrod aquamarine olive white pink
goldenrod beige lemon midnight cornflower
goldenrod beige sky sandy metallic
goldenrod black slate forest red
goldenrod cornsilk blue grey blush
goldenrod deep cornflower dodger rose
goldenrod dim wheat tan violet
goldenrod dodger cyan orchid bisque
goldenrod honeydew cornflower red midnight
goldenrod honeydew frosted almond chiffon
goldenrod lavender spring chocolate lace
goldenrod magenta papaya medium chiffon
goldenrod maroon snow cream indian
goldenrod metallic rose white moccasin
goldenrod papaya floral blanched wheat
goldenrod royal slate grey burlywood
goldenrod sienna linen steel floral
goldenrod white dodger chocolate purple
green azure puff metallic lace
green azure rose aquamarine floral
green blanched firebrick dim cream
green blue royal coral indian
green blush tomato burlywood seashell
green dark mint lawn gainsboro
green drab puff honeydew cyan
green forest navajo magenta saddle
green forest rose slate cornflower
green hot drab cornflower blush
green magenta lime dim brown
green medium salmon white papaya
green pink frosted seashell peach
green saddle bisque goldenrod peach
green salmon papaya brown peru
green thistle azure rosy dodger
grey aquamarine deep violet blush
grey blanched mint firebrick snow
grey burlywood linen tan tomato
grey cornsilk chocolate maroon hot
grey deep midnight tomato cream
grey drab honeydew coral pale
grey floral cream purple green
grey floral sienna cyan gainsboro
grey honeydew wheat beige green
grey misty puff brown lavender
grey navy rosy red burnished
grey orchid sandy wheat midnight
grey purple chocolate turquoise plum
grey purple cyan chocolate khaki
grey royal seashell violet misty
grey sandy cornflower dodger sky
grey seashell bisque indian deep
grey smoke navy peach white
grey spring chiffon thistle lime
grey tan lawn violet cornflower
grey thistle misty rose khaki
honeydew azure brown royal sky
honeydew brown sienna red chocolate
honeydew cornsilk lime red violet
honeydew cornsilk powder salmon purple
honeydew cream papaya firebrick frosted
honeydew ghost azure yellow magenta
honeydew ghost lace plum sky
honeydew khaki brown lawn rose
honeydew lace powder almond red
honeydew lime khaki saddle indian
honeydew magenta tomato spring medium
honeydew orange dodger linen lace
honeydew pink dodger cream dim
honeydew red azure magenta brown
honeydew saddle orange white sandy
honeydew sandy plum dodger magenta
honeydew sky salmon misty lavender
honeydew smoke lemon ghost navajo
honeydew smoke salmon lavender dodger
honeydew smoke violet pink bisque
honeydew tan plum green puff
honeydew thistle ivory pale magenta
honeydew turquoise aquamarine spring tan
honeydew wheat hot white lime
honeydew yellow dodger midnight purple
hot aquamarine tomato lace indian
hot azure royal red dark
hot black puff peru almond
hot blanched salmon slate burlywood
hot chiffon peru dark metallic
hot cornflower slate saddle pale
hot firebrick violet wheat bisque
hot maroon purple navajo floral
hot medium cornflower dark rose
hot medium spring orange violet
hot midnight orchid dim steel
hot navajo peach orange chiffon
hot orange red cornsilk goldenrod
hot peru beige magenta metallic
hot pink peach lemon chartreuse
hot powder dim cream metallic
hot rosy violet plum pale
hot sandy lavender saddle rosy
hot seashell chocolate tan sandy
hot spring yellow azure dodger
hot yellow navy spring metallic
indian blush medium thistle lime
indian cornflower cream rosy royal
indian cyan grey smoke khaki
indian dim tan antique puff
indian honeydew chartreuse navy cyan
indian lavender cornflower metallic lawn
indian lavender plum gainsboro midnight
indian lawn violet deep antique
indian lemon linen almond tomato
indian metallic peach gainsboro pale
indian navy coral pink deep
indian orchid navajo dark forest
indian pale peru honeydew forest
indian smoke orange ghost papaya
indian tan navy rose cyan
indian tomato rose powder turquoise
indian turquoise purple green spring
indian yellow red lime seashell
ivory bisque black chiffon gainsboro
ivory burnished rosy plum cornflower
ivory chocolate slate midnight ghost
ivory deep green pink cornflower
ivory dim orchid antique spring
ivory grey seashell smoke bisque
ivory maroon cream red peru
ivory navy honeydew sandy midnight
ivory orchid azure frosted light
ivory peach light thistle antique
ivory peru lavender orange dark
ivory rosy royal powder firebrick
ivory slate lavender tan royal
ivory smoke papaya turquoise purple
ivory steel plum gainsboro sienna
ivory thistle papaya puff powder
ivory wheat chiffon navy burlywood
ivory wheat smoke deep lemon
ivory white burnished papaya cornflower
ivory yellow peru almond cornsilk
khaki almond wheat peru maroon
khaki aquamarine lawn puff royal
khaki dark blush moccasin floral
khaki deep brown grey peach
khaki lavender cornflower powder white
khaki lavender rose tomato thistle
khaki lawn rose drab cornsilk
khaki light black ghost yellow
khaki metallic plum smoke hot
khaki mint chartreuse dark frosted
khaki misty pink plum lime
khaki navy saddle ghost orchid
khaki papaya slate medium plum
khaki powder royal maroon snow
khaki seashell rose cornsilk navajo
khaki sky misty sandy tan
khaki spring ghost orchid metallic
khaki steel rose ghost salmon
khaki tomato purple almond tan
khaki turquoise violet maroon misty
khaki white violet tan forest
khaki yellow plum cyan forest
lace bisque lemon midnight forest
lace bisque moccasin peru navajo
lace blanched magenta yellow almond
lace burnished rosy antique metallic
lace cornflower spring pink plum
lace cornsilk pink medium slate
lace drab wheat red tan
lace floral peru dim magenta
lace gainsboro burlywood smoke tomato
lace hot bisque firebrick lawn
lace hot khaki steel orchid
lace light bisque dodger aquamarine
lace navy burnished cream blanched
lace pink black orange cornflower
lace red hot mint goldenrod
lace royal pink cornsilk antique
lace sky gainsboro dark ivory
lavender azure smoke deep ivory
lavender beige lime sienna cornflower
lavender bisque light cream seashell
lavender blue seashell brown ghost
lavender blush rosy beige sky
lavender burlywood blanched antique sienna
lavender chartreuse turquoise rose peach
lavender chocolate moccasin snow green
lavender cyan red lace light
lavender dodger seashell orchid smoke
lavender forest puff beige tan
lavender ghost sky beige navy
lavender grey chiffon gainsboro papaya
lavender honeydew rose rosy gainsboro
lavender hot ivory chartreuse burlywood
lavender indian beige peru antique
lavender light cornsilk blue azure
lavender medium deep saddle gainsboro
lavender powder yellow peach indian
lavender slate turquoise dim cornsilk
lavender smoke green navy brown
lavender thistle navajo grey tan
lavender violet bisque maroon azure
lavender yellow pink puff olive
lawn beige grey royal cyan
lawn brown black almond mint
lawn burnished smoke wheat snow
lawn cornflower puff rosy saddle
lawn cyan plum bisque cream
lawn khaki green cornflower sienna
lawn lace burnished hot frosted
lawn lemon khaki rosy blue
lawn mint deep dim blush
lawn moccasin almond lavender yellow
lawn moccasin maroon frosted olive
lawn navajo white honeydew steel
lawn peru ghost khaki maroon
lawn puff grey forest indian
lawn rosy cornsilk floral misty
lawn turquoise blanched sienna smoke
lawn wheat dodger forest firebrick
lemon bisque khaki coral frosted
lemon black indian cornflower pale
lemon blue tan ivory lavender
lemon burlywood chartreuse forest honeydew
lemon dark khaki antique slate
lemon deep pink indian puff
lemon drab red lime mint
lemon firebrick lime white wheat
lemon floral azure frosted lime
lemon honeydew metallic saddle cream
lemon honeydew thistle saddle burnished
lemon indian azure orange steel
lemon lace ivory khaki wheat
lemon light grey burlywood drab
lemon midnight black papaya peru
lemon midnight lace sky deep
lemon midnight metallic sienna steel
lemon moccasin medium beige cornsilk
lemon navajo deep firebrick gainsboro
lemon navy seashell khaki sienna
lemon pale blue burnished white
lemon peach spring rose ghost
lemon plum chartreuse hot purple
lemon puff beige orchid medium
lemon saddle royal beige orange
lemon sky grey salmon orchid
lemon slate khaki misty hot
lemon snow coral lime seashell
lemon thistle sandy royal peru
lemon yellow coral deep lime
light burnished linen sienna dim
light cornflower goldenrod orchid aquamarine
light firebrick cyan puff blue
light goldenrod green lime papaya
light goldenrod honeydew indian lemon
light honeydew moccasin spring turquoise
light khaki dodger dark lawn
light khaki lime lemon burnished
light lace gainsboro coral lavender
light lavender smoke gainsboro pink
light lemon salmon navy medium
light magenta indian khaki lavender
light mint smoke pink saddle
light navy deep papaya olive
light orchid purple black navy
light papaya azure burnished misty
light peach saddle medium firebrick
light sandy white bisque burlywood
light smoke seashell snow chartreuse
light tan linen tomato peach
light wheat sky chartreuse steel
lime aquamarine medium pink dim
lime black dim lemon mint
lime chiffon sky magenta midnight
lime cornflower indian dark chiffon
lime cornflower sky beige antique
lime frosted indian dodger linen
lime green dark misty chiffon
lime lace dodger tan azure
lime magenta deep violet dark
lime moccasin chiffon goldenrod orange
lime moccasin seashell orange coral
lime orange bisque chartreuse lemon
lime peach puff papaya olive
lime violet puff snow chiffon
lime violet tomato drab blush
lime yellow sandy floral khaki
linen bisque tomato gainsboro goldenrod
linen blanched tomato slate medium
linen dodger lime purple cornsilk
linen drab blush maroon sienna
linen frosted slate coral peru
linen ghost smoke blanched cream
linen hot cornsilk drab bisque
linen metallic smoke sky puff
linen olive lawn blanched gainsboro
linen peru thistle turquoise medium
linen pink saddle puff powder
linen red plum purple steel
linen salmon ivory navajo bisque
linen slate violet bisque mint
linen steel salmon beige lemon
magenta blue chartreuse tan green
magenta brown lace khaki indian
magenta chiffon indian almond green
magenta chocolate khaki coral frosted
magenta cornsilk olive black chocolate
magenta forest olive almond lawn
magenta frosted gainsboro forest orchid
magenta ivory lawn antique turquoise
magenta lace red hot pale
magenta lace wheat linen yellow
magenta lavender blush peru aquamarine
magenta light misty navy honeydew
magenta linen ghost almond floral
magenta misty lawn salmon navajo
magenta peach chartreuse cyan peru
magenta sandy turquoise seashell black
magenta seashell rose honeydew cream
magenta sky royal violet antique
magenta tan antique sky pale
magenta thistle grey blanched navy
magenta wheat frosted medium dodger
maroon azure firebrick wheat snow
maroon beige navy forest honeydew
maroon chiffon metallic wheat chartreuse
maroon dark beige forest drab
maroon dark plum brown red
maroon dodger ghost gainsboro pink
maroon gainsboro seashell hot sandy
maroon grey light deep cornsilk
maroon linen sienna firebrick burnished
maroon magenta saddle linen lime
maroon medium green tomato rosy
maroon medium orange cornsilk white
maroon medium salmon ghost dim
maroon mint drab deep white
maroon mint medium lace plum
maroon olive pink rose cornflower
maroon orchid linen spring antique
maroon papaya orange spring light
maroon salmon puff medium brown
maroon sienna puff ghost chiffon
medium antique khaki cream slate
medium blue midnight misty frosted
medium brown blanched grey chocolate
medium brown tomato cornflower moccasin
medium chocolate dodger papaya slate
medium drab rosy spring salmon
medium floral chiffon cyan misty
medium forest blue ghost black
medium gainsboro lace slate frosted
medium gainsboro lawn coral peach
medium goldenrod linen sky coral
medium honeydew blush lace lemon
medium lace midnight royal chartreuse
medium lavender blue tomato slate
medium magenta papaya lemon dodger
medium olive pink dim firebrick
medium orchid purple metallic ghost
medium pink metallic honeydew ghost
medium plum powder blush yellow
medium plum sienna bisque gainsboro
medium sandy cream dim dark
medium sandy olive wheat turquoise
medium seashell lavender almond tan
metallic azure hot orange spring
metallic beige seashell gainsboro blanched
metallic bisque dark goldenrod dodger
metallic black khaki ivory tan
metallic blush plum forest salmon
metallic burlywood blue rose thistle
metallic burlywood lavender midnight cornsilk
metallic chocolate tomato chiffon azure
metallic frosted khaki mint sienna
metallic grey black rosy papaya
metallic ivory cornsilk mint hot
metallic ivory floral cornsilk burnished
metallic khaki navy forest cyan
metallic lavender green firebrick ghost
metallic maroon turquoise puff lime
metallic peru pink thistle chartreuse
metallic sienna sandy spring frosted
metallic sky chiffon plum steel
metallic smoke purple rosy magenta
metallic turquoise saddle spring tan
metallic wheat pale slate chartreuse
midnight azure moccasin rosy lawn
midnight blanched orange blue yellow
midnight blue misty steel ghost
midnight chocolate slate rosy lace
midnight cyan bisque white yellow
midnight dark coral ivory burlywood
midnight honeydew brown beige slate
midnight khaki medium linen peru
midnight misty royal floral brown
midnight moccasin blush royal black
midnight papaya violet peach cream
midnight peach purple coral azure
midnight salmon cream indian ghost
midnight sienna orange gainsboro black
midnight turquoise lawn beige thistle
midnight yellow steel dodger rose
mint bisque chiffon snow firebrick
mint black metallic dark powder
mint blue chiffon honeydew drab
mint chocolate tomato peach sky
mint deep frosted yellow cream
mint deep white navajo floral
mint dodger chocolate papaya azure
mint dodger smoke coral tomato
mint drab light deep linen
mint goldenrod sandy burnished olive
mint grey chiffon magenta saddle
mint grey purple sienna metallic
mint ivory saddle peach midnight
mint lawn sky ivory lavender
mint linen seashell khaki bisque
mint medium blush black metallic
mint midnight puff forest peach
mint pale dim chiffon indian
mint red pale midnight orange
mint rosy midnight red frosted
mint saddle yellow sienna frosted
mint thistle chiffon magenta salmon
mint tomato ivory magenta goldenrod
misty aquamarine peru powder white
misty bisque lavender spring turquoise
misty brown medium mint salmon
misty chocolate sandy firebrick grey
misty cornflower linen forest olive
misty deep moccasin chocolate cyan
misty dodger white yellow light
misty frosted navy moccasin gainsboro
misty hot mint red bisque
misty hot pale ghost yellow
misty indian blanched dark plum
misty ivory plum tan steel
misty lace thistle snow royal
misty lavender cream red midnight
misty lawn navajo peach thistle
misty moccasin forest floral cream
misty moccasin yellow gainsboro lavender
misty olive purple cream red
misty plum sienna powder tan
misty purple salmon navy midnight
misty red seashell ivory navy
misty sandy cornsilk dodger blush
misty snow lace burnished linen
misty snow thistle burlywood wheat
misty steel ivory almond thistle
moccasin antique lace peach chiffon
moccasin cornflower burlywood tomato light
moccasin drab olive metallic papaya
moccasin frosted rosy lace goldenrod
moccasin gainsboro red frosted rosy
moccasin ghost sandy goldenrod cornsilk
moccasin goldenrod tan maroon bisque
moccasin green thistle khaki floral
moccasin honeydew midnight spring azure
moccasin lace rose navajo forest
moccasin lawn cornsilk chartreuse midnight
moccasin light purple sky magenta
moccasin misty tan sienna dodger
moccasin navy seashell turquoise sienna
moccasin orchid pale blue goldenrod
moccasin pale cornsilk linen aquamarine
moccasin papaya rose light khaki
moccasin rosy lemon linen royal
moccasin royal turquoise lime navajo
moccasin steel rosy drab white
moccasin tan chartreuse cornsilk drab
moccasin tan purple sandy dim
moccasin tomato firebrick peru cyan
moccasin tomato peach yellow drab
navajo azure beige aquamarine blush
navajo bisque gainsboro forest coral
navajo burlywood firebrick brown wheat
navajo chiffon mint ghost burlywood
navajo chocolate lemon hot green
navajo chocolate thistle antique orchid
navajo cornsilk rosy spring cyan
navajo cream salmon orange smoke
navajo deep saddle grey goldenrod
navajo dim brown violet forest
navajo firebrick sky hot peach
navajo goldenrod powder grey violet
navajo hot forest puff olive
navajo khaki almond royal chartreuse
navajo lace sandy aquamarine light
navajo lavender chocolate deep hot
navajo lavender dim puff bisque
navajo lawn cornsilk firebrick magenta
navajo lemon violet sandy frosted
navajo linen coral brown forest
navajo midnight peru orange salmon
navajo mint peru snow ghost
navajo pale moccasin orange yellow
navajo saddle indian cornflower steel
navajo saddle misty olive purple
navajo tan coral slate thistle
navajo wheat burnished moccasin spring
navajo white indian yellow grey
navajo yellow drab white misty
navy azure sandy yellow sky
navy blanched slate salmon lime
navy burnished wheat slate deep
navy cream orchid beige khaki
navy cyan orchid seashell moccasin
navy dim mint saddle floral
navy dodger snow chocolate lace
navy light red royal olive
navy linen forest moccasin slate
navy metallic green cornsilk blue
navy pale frosted lawn spring
navy plum lime goldenrod saddle
navy sky dark snow peach
navy sky spring orchid forest
navy tan red dark seashell
navy thistle chiffon pale almond
navy turquoise antique bisque cyan
navy wheat gainsboro red light
olive almond papaya smoke sienna
olive blue navy frosted violet
olive burlywood royal cream drab
olive frosted chiffon maroon plum
olive goldenrod magenta metallic lime
olive ivory turquoise sienna wheat
olive khaki drab seashell powder
olive lavender saddle green grey
olive lawn coral dim maroon
olive metallic slate peach green
olive misty khaki chartreuse ivory
olive misty orange navy cream
olive moccasin almond tomato plum
olive navajo navy gainsboro spring
olive navy almond indian coral
olive pale steel peru coral
olive puff magenta lace almond
olive purple turquoise cornflower honeydew
olive seashell magenta khaki dark
olive snow saddle lawn linen
olive tan azure honeydew chartreuse
olive tomato tan gainsboro linen
orange burlywood hot rose green
orange cornflower indian aquamarine white
orange cornflower mint snow peach
orange cyan magenta navajo indian
orange dim brown bisque dodger
orange floral olive ivory lace
orange ghost firebrick peru cornsilk
orange ghost pale dim beige
orange grey thistle pale violet
orange lemon cream dim midnight
orange maroon violet midnight mint
orange midnight royal lawn orchid
orange misty green aquamarine forest
orange navajo blanched cyan snow
orange navy hot aquamarine sienna
orange olive puff midnight almond
orange peach midnight burnished lavender
orange peru yellow blanched seashell
orange pink yellow smoke blue
orange sky tomato saddle olive
orange snow chiffon steel drab
orange tan medium drab midnight
orange tomato maroon puff pale
orange yellow drab grey blanched
orchid bisque antique ivory lavender
orchid blanched hot firebrick dark
orchid blue dark seashell smoke
orchid dark antique deep ivory
orchid dodger blush seashell chiffon
orchid gainsboro dim chiffon rose
orchid hot brown tomato cream
orchid indian pink slate snow
orchid lemon almond yellow linen
orchid lemon grey brown moccasin
orchid misty cornsilk chartreuse medium
orchid navy bisque powder olive
orchid snow thistle peru moccasin
orchid yellow dark lawn thistle
pale burlywood peach snow azure
pale cyan lawn medium smoke
pale drab lemon mint sienna
pale firebrick cornflower cyan violet
pale metallic ivory peach slate
pale midnight light ghost saddle
pale navajo blue orange red
pale navajo royal papaya thistle
pale peach maroon burlywood tan
pale peru linen hot maroon
pale peru red orchid almond
pale rose navajo firebrick aquamarine
pale saddle almond misty lemon
pale slate white cream indian
pale smoke drab spring burnished
pale steel blush mint cream
pale tan lavender powder cornflower
pale turquoise rose olive chiffon
pale wheat lace midnight papaya
pale yellow cornsilk dodger moccasin
papaya burlywood bisque linen navy
papaya cornsilk gainsboro rose pink
papaya cornsilk light ghost orange
papaya dark cornflower azure ivory
papaya dim slate saddle navajo
papaya frosted cornflower green almond
papaya goldenrod burlywood purple brown
papaya green royal burlywood saddle
papaya khaki dodger honeydew midnight
papaya lime almond pale lawn
papaya maroon blush powder sky
papaya maroon hot blue pink
papaya metallic royal peach seashell
papaya misty orchid snow metallic
papaya moccasin powder rose bisque
papaya navy lawn burnished chocolate
papaya olive chiffon lemon tan
papaya snow indian burnished almond
papaya thistle rosy rose puff
papaya turquoise spring midnight medium
papaya violet navy khaki sky
peach antique deep peru saddle
peach burlywood bisque blanched chocolate
peach chocolate burnished steel khaki
peach chocolate orange green lawn
peach cornsilk navy rosy red
peach cream smoke chartreuse violet
peach deep cornflower thistle brown
peach goldenrod honeydew moccasin sienna
peach grey firebrick dim smoke
peach honeydew cyan peru light
peach indian goldenrod green rosy
peach ivory rose honeydew lace
peach medium goldenrod cyan ghost
peach orange honeydew red cream
peach peru black pale floral
peach peru forest magenta ivory
peach red azure indian lavender
peach red violet floral snow
peach sienna frosted navajo tan
peach thistle royal papaya cornsilk
peach wheat dark sandy chartreuse
peru beige firebrick royal navy
peru beige rose blue firebrick
peru bisque almond goldenrod green
peru blush lemon snow misty
peru burlywood pale navy steel
peru chocolate deep cream burlywood
peru firebrick coral chartreuse rosy
peru floral sky steel maroon
peru grey blanched goldenrod yellow
peru grey snow papaya firebrick
peru moccasin peach pale spring
peru rose brown azure moccasin
peru rose green metallic blanched
peru saddle blue dark light
peru sky almond aquamarine drab
peru tan white chocolate navy
peru white wheat midnight khaki
peru yellow papaya saddle beige
pink azure burnished thistle dim
pink azure ghost lemon linen
pink beige orange pale powder
pink beige salmon hot azure
pink black blanched lace chartreuse
pink brown purple puff snow
pink cornsilk antique mint forest
pink drab ivory papaya grey
pink magenta frosted blanched lime
pink maroon blanched beige cyan
pink medium olive rosy linen
pink moccasin cornflower seashell drab
pink navy lace papaya brown
pink orchid lemon firebrick olive
pink orchid tan cyan navy
pink pale light burlywood aquamarine
pink peru turquoise salmon forest
pink plum sandy linen goldenrod
pink powder mint moccasin navajo
pink salmon moccasin orange wheat
pink salmon steel moccasin maroon
pink tan papaya ivory lace
pink white sky burnished coral
pink yellow lace green olive
plum azure almond coral dim
plum beige misty cream cornflower
plum chartreuse hot beige lime
plum chartreuse sky pale firebrick
plum cyan almond dark orchid
plum cyan cornflower midnight royal
plum firebrick white mint beige
plum floral dodger lemon almond
plum floral sienna magenta ivory
plum forest olive orchid ivory
plum indian cornflower frosted purple
plum ivory wheat thistle salmon
plum lawn black chartreuse sandy
plum lime salmon wheat azure
plum maroon lavender tan firebrick
plum midnight coral snow lemon
plum olive thistle salmon khaki
plum orchid red linen misty
plum peru spring firebrick lavender
plum purple seashell white lemon
plum violet honeydew mint almond
powder aquamarine papaya floral puff
powder deep lavender violet gainsboro
powder firebrick white peach goldenrod
powder indian dodger hot lemon
powder lavender wheat pale puff
powder medium drab lemon tomato
powder medium lace dodger honeydew
powder metallic salmon slate chocolate
powder misty linen wheat coral
powder olive spring puff azure
powder olive turquoise plum tan
powder papaya floral chartreuse orchid
powder rose lemon maroon papaya
powder snow saddle ghost hot
powder tan brown royal blush
powder thistle ghost cornflower chocolate
powder violet magenta chartreuse coral
puff almond blanched drab misty
puff beige smoke seashell sienna
puff bisque midnight seashell burlywood
puff bisque moccasin mint chiffon
puff black seashell blush forest
puff cyan beige tan blue
puff deep hot tomato powder
puff floral red linen dark
puff lavender black yellow lawn
puff mint dodger hot seashell
puff slate magenta powder lawn
puff snow floral drab powder
puff snow light beige midnight
puff turquoise thistle red light
puff violet tan deep forest
puff yellow cyan tomato purple
purple azure burlywood chocolate metallic
purple black moccasin medium green
purple blanched linen metallic indian
purple blue light sienna deep
purple brown drab burlywood puff
purple burlywood pale cornsilk chartreuse
purple burnished linen dim chocolate
purple cornsilk navajo firebrick burlywood
purple dark lawn navajo indian
purple dodger lime peach burnished
purple drab puff peach tomato
purple green misty orange wheat
purple indian burnished khaki puff
purple lace lemon firebrick maroon
purple lace seashell antique orange
purple lace tomato plum grey
purple lawn ivory black slate
purple linen lace blanched snow
purple maroon cornflower red thistle
purple maroon lavender cornsilk salmon
purple papaya saddle cream medium
purple peru ivory gainsboro peach
purple slate gainsboro powder magenta
purple spring olive misty salmon
purple spring turquoise goldenrod grey
red blanched thistle bisque wheat
red burnished thistle rosy lemon
red chartreuse firebrick burlywood papaya
red firebrick smoke magenta moccasin
red lime thistle firebrick lavender
red mint brown powder rose
red misty salmon ivory khaki
red orange salmon rosy thistle
red pale plum orchid moccasin
red puff chiffon sienna dark
red purple tomato medium papaya
red rose brown saddle steel
red salmon sandy white hot
red sky dim light ivory
red smoke blue pale lace
rose antique cyan cornflower drab
rose beige magenta coral sandy
rose bisque forest cornflower cream
rose black peach orchid cyan
rose blue smoke olive sandy
rose blush saddle cyan hot
rose brown violet chocolate saddle
rose chiffon chocolate lace papaya
rose hot powder peach red
rose khaki drab smoke peach
rose lemon sky beige aquamarine
rose maroon midnight sienna honeydew
rose maroon mint burlywood powder
rose medium floral salmon powder
rose saddle linen peach cream
rose salmon yellow turquoise grey
rose spring indian violet lime
rose thistle ghost snow burlywood
rose wheat cream chartreuse goldenrod
rosy bisque hot burnished dark
rosy blush grey hot deep
rosy chartreuse green hot rose
rosy chocolate tan moccasin salmon
rosy coral thistle ghost papaya
rosy cornsilk beige mint plum
rosy dim light misty rose
rosy dodger puff maroon papaya
rosy drab snow chocolate midnight
rosy forest navajo light turquoise
rosy gainsboro maroon blue burlywood
rosy ghost cyan puff dark
rosy ghost sky mint smoke
rosy grey blush dark lime
rosy honeydew powder frosted navy
rosy indian sky frosted blush
rosy light lime puff sandy
rosy metallic grey blush tomato
rosy moccasin ghost chiffon white
rosy moccasin purple almond peru
rosy rose indian puff pale
rosy royal orange dodger smoke
rosy seashell brown blush tan
rosy sienna purple light rose
rosy tomato ghost red peach
rosy wheat royal beige coral
rosy white blush ghost aquamarine
royal azure ivory moccasin salmon
royal beige lace burnished misty
royal black deep tan blanched
royal blanched blue peru ghost
royal blush lemon pink dark
royal chartreuse cream papaya lime
royal chocolate red wheat almond
royal chocolate yellow dim powder
royal coral orange burnished navajo
royal coral orchid spring sky
royal cornflower maroon khaki cornsilk
royal cream lawn purple powder
royal frosted blue pale dim
royal gainsboro green orange yellow
royal honeydew peru blush beige
royal khaki salmon black peru
royal lavender chocolate rose brown
royal lime misty frosted smoke
royal lime saddle magenta violet
royal metallic lawn spring firebrick
royal navy burlywood misty steel
royal pink smoke bisque lime
royal powder goldenrod gainsboro firebrick
royal sienna magenta lace brown
royal yellow orchid lime wheat
saddle azure sky burlywood lace
saddle blanched beige khaki salmon
saddle burlywood drab deep red
saddle cream wheat lemon burnished
saddle green ghost indian blue
saddle ivory khaki puff bisque
saddle ivory lime papaya lace
saddle lawn blue burlywood white
saddle lawn blue cyan cornsilk
saddle light black drab navajo
saddle lime linen beige burlywood
saddle linen blush antique coral
saddle medium beige purple plum
saddle midnight almond drab blanched
saddle mint navy cyan cornflower
saddle olive rosy tomato slate
saddle orange chocolate magenta turquoise
saddle plum lace powder slate
saddle puff beige linen yellow
saddle royal lemon wheat lime
saddle sandy cream sienna blue
saddle tan cyan red navajo
saddle thistle gainsboro spring metallic
saddle tomato dark beige coral
saddle white red royal midnight
salmon antique burlywood linen peach
salmon bisque aquamarine peach moccasin
salmon blue almond red aquamarine
salmon burlywood linen forest antique
salmon burnished orange rose cornsilk
salmon chartreuse grey pink burnished
salmon drab medium royal plum
salmon floral cream rose dark
salmon ivory red dodger spring
salmon khaki misty deep peru
salmon lawn chocolate lace honeydew
salmon magenta orange coral aquamarine
salmon moccasin lemon azure cyan
salmon papaya navy sandy sienna
salmon peru chocolate papaya firebrick
salmon rosy goldenrod dodger violet
salmon saddle mint snow antique
sandy almond peach ivory violet
sandy almond salmon bisque chocolate
sandy antique papaya forest powder
sandy brown midnight tan bisque
sandy cream royal cyan orchid
sandy ghost khaki frosted goldenrod
sandy ghost steel cornsilk pale
sandy khaki ghost cornflower metallic
sandy khaki smoke puff forest
sandy lavender rosy metallic salmon
sandy lawn chartreuse peru blue
sandy mint light medium saddle
sandy pink turquoise magenta saddle
sandy sky dark navy blanched
sandy sky gainsboro peach cornflower
sandy spring dark bisque violet
sandy spring yellow purple seashell
sandy turquoise cream firebrick rose
sandy turquoise indian steel tan
sandy turquoise midnight powder blush
sandy wheat coral spring burnished
seashell almond frosted medium blanched
seashell antique beige thistle cream
seashell antique royal indian chartreuse
seashell brown peach red cornsilk
seashell coral metallic midnight floral
seashell cornflower smoke midnight white
seashell cornsilk metallic royal sky
seashell dark lime midnight puff
seashell dark yellow turquoise white
seashell deep peru puff coral
seashell dim gainsboro cyan light
seashell ghost cyan burlywood thistle
seashell green dodger beige linen
seashell lace magenta spring chiffon
seashell magenta rosy cornsilk smoke
seashell maroon lace burnished lavender
seashell medium burnished moccasin blue
seashell midnight dodger sky burlywood
seashell navy khaki hot purple
seashell orange firebrick peach rose
seashell papaya tomato lime hot
seashell papaya white mint brown
seashell pink linen salmon khaki
seashell pink midnight bisque lace
seashell smoke dark white deep
seashell steel lace lemon purple
seashell tan purple almond coral
seashell thistle navajo cyan midnight
seashell tomato red lemon saddle
sienna azure light medium green
sienna beige burlywood chocolate hot
sienna black dark peru dodger
sienna blanched pale red spring
sienna burlywood salmon navy green
sienna chocolate saddle ghost magenta
sienna cornsilk chiffon olive blush
sienna dodger olive misty deep
sienna gainsboro royal black lavender
sienna green ghost rose lawn
sienna green yellow wheat maroon
sienna indian royal green smoke
sienna ivory metallic cyan orchid
sienna maroon chocolate honeydew brown
sienna pale royal cream midnight
sienna peach steel green light
sienna peach wheat linen tomato
sienna powder magenta peach drab
sienna purple lawn coral navy
sienna royal light orchid moccasin
sienna steel tomato grey indian
sky aquamarine cornflower violet almond
sky blue saddle salmon cyan
sky brown seashell papaya sandy
sky chartreuse drab violet goldenrod
sky cornsilk white khaki goldenrod
sky cream deep tomato rosy
sky dim thistle saddle pale
sky frosted dodger peru moccasin
sky ghost papaya cyan tan
sky lace green pale lime
sky lemon misty slate lawn
sky mint aquamarine dark cornsilk
sky mint cyan dodger grey
sky navajo metallic steel cyan
sky orange indian pale burlywood
sky orchid tan peach dodger
sky papaya green azure chiffon
sky peru antique chartreuse snow
sky plum pink lavender firebrick
sky powder saddle metallic moccasin
sky purple lace orchid tan
sky smoke mint floral metallic
sky smoke rose forest linen
sky snow peach olive spring
sky violet magenta steel slate
sky yellow mint chiffon wheat
slate bisque black orange steel
slate black smoke pale moccasin
slate blanched rosy seashell orchid
slate blush misty azure honeydew
slate chocolate navy hot wheat
slate dark navy sandy khaki
slate deep lawn beige honeydew
slate dim honeydew floral brown
slate drab medium puff gainsboro
slate forest spring pink peru
slate goldenrod mint thistle rosy
slate goldenrod purple peach dim
slate green blush thistle linen
slate honeydew pink magenta lace
slate hot honeydew midnight burnished
slate magenta lemon peru pink
slate mint plum drab khaki
slate mint white pink burnished
slate pale misty sienna red
slate peru khaki chiffon lace
slate pink navajo orange firebrick
slate red firebrick beige aquamarine
slate salmon rose spring seashell
slate seashell steel medium moccasin
slate smoke hot lawn red
slate thistle cornsilk pale forest
slate wheat steel chiffon royal
smoke beige royal magenta lavender
smoke blanched seashell royal rose
smoke coral floral turquoise goldenrod
smoke coral white aquamarine drab
smoke drab rose hot spring
smoke firebrick blue seashell red
smoke firebrick yellow dark cornsilk
smoke floral green medium blush
smoke forest metallic saddle hot
smoke gainsboro bisque indian beige
smoke green blush deep royal
smoke grey dark yellow brown
smoke grey rosy papaya blush
smoke hot misty steel lavender
smoke indian tomato floral misty
smoke medium chartreuse orchid light
smoke salmon red pale linen
smoke sky bisque ghost black
smoke sky chiffon green steel
smoke slate moccasin brown magenta
smoke white metallic sky firebrick
snow beige moccasin red lime
snow black almond aquamarine purple
snow blush forest coral saddle
snow blush violet lace ghost
snow burnished mint moccasin peru
snow chocolate ivory lemon magenta
snow drab lawn dark tan
snow forest sky chartreuse olive
snow frosted slate magenta sky
snow gainsboro royal brown misty
snow goldenrod puff violet mint
snow linen yellow dim chiffon
snow mint deep brown goldenrod
snow mint rose almond frosted
snow moccasin violet saddle magenta
snow rose moccasin tomato linen
snow spring black white burnished
snow spring sandy olive tomato
snow turquoise coral lime goldenrod
snow wheat steel brown ivory
spring bisque salmon slate pink
spring brown peach bisque sienna
spring burlywood cornsilk saddle sienna
spring chiffon cream orchid dodger
spring cornsilk slate tan powder
spring dodger floral metallic moccasin
spring frosted cornsilk blue cream
spring green lemon medium olive
spring green yellow purple cornsilk
spring grey azure khaki lace
spring honeydew chiffon yellow rosy
spring honeydew sky sandy almond
spring linen antique papaya yellow
spring maroon seashell almond orchid
spring medium dodger navajo sienna
spring pale navajo purple dodger
spring red indian floral sky
spring royal cyan tomato slate
spring saddle cornsilk cream peru
spring saddle sandy slate antique
spring salmon violet lime ghost
spring tan ghost burnished saddle
spring thistle orange light antique
spring wheat purple chiffon puff
steel beige mint maroon indian
steel blush indian rosy pink
steel burnished cornsilk beige lace
steel chartreuse red plum sienna
steel cream grey mint dark
steel cyan maroon thistle peach
steel floral orange moccasin mint
steel indian magenta royal grey
steel lace chocolate yellow rose
steel lace wheat orchid linen
steel lavender cream peru brown
steel lavender dark ghost grey
steel linen wheat peru lawn
steel papaya chocolate indian antique
steel plum violet almond mint
steel puff cornflower orange thistle
steel purple midnight beige coral
steel rosy lemon slate maroon
steel seashell purple slate powder
steel sky peru navy lavender
steel slate black purple indian
tan azure slate white mint
tan blue thistle forest cornsilk
tan burlywood light chartreuse powder
tan chiffon wheat plum brown
tan cornsilk spring grey chocolate
tan cyan peach rose salmon
tan deep medium smoke slate
tan dim chiffon steel purple
tan dodger grey rosy hot
tan drab slate chartreuse chocolate
tan frosted antique midnight thistle
tan gainsboro dim azure spring
tan ghost cyan salmon goldenrod
tan green magenta mint forest
tan honeydew azure orchid plum
tan honeydew lime light white
tan indian lime olive dodger
tan lemon goldenrod firebrick rose
tan misty floral firebrick puff
tan moccasin khaki sandy hot
tan orchid yellow hot rosy
tan pink coral snow honeydew
tan powder lavender dim goldenrod
tan purple yellow ivory olive
tan seashell chocolate lemon orange
tan sky gainsboro green orange
tan thistle frosted indian lawn
tan tomato burlywood drab midnight
tan turquoise dodger linen burnished
thistle azure magenta mint burnished
thistle beige cream frosted steel
thistle black lavender orange ivory
thistle burlywood smoke pink mint
thistle burnished pink yellow wheat
thistle chocolate ghost gainsboro peru
thistle chocolate sandy powder drab
thistle cornsilk cornflower maroon dodger
thistle cyan cream navy lavender
thistle dim navajo dark gainsboro
thistle green indian sandy purple
thistle ivory pink olive puff
thistle navy lawn sky slate
thistle orange seashell lemon metallic
thistle peach cornflower red peru
thistle puff cream papaya deep
thistle puff pink cream orange
thistle purple green orange tomato
thistle purple spring sky slate
thistle red smoke chartreuse orange
thistle saddle white puff lemon
thistle salmon snow cornflower midnight
thistle seashell cyan cornsilk indian
thistle sky antique khaki chartreuse
thistle steel sky light red
tomato antique plum snow burlywood
tomato burlywood pale moccasin plum
tomato chartreuse coral turquoise linen
tomato chartreuse cornflower green pale
tomato cornflower honeydew sandy grey
tomato cornsilk chartreuse blue magenta
tomato drab cream tan navajo
tomato firebrick yellow rosy orchid
tomato forest pale moccasin magenta
tomato frosted sandy blush sky
tomato honeydew pale red yellow
tomato lime moccasin turquoise grey
tomato linen papaya khaki plum
tomato metallic navy light blue
tomato moccasin cyan brown goldenrod
tomato navy midnight cyan chiffon
tomato plum grey chartreuse floral
tomato red cornflower drab dim
tomato rosy beige yellow tan
tomato royal firebrick turquoise cream
tomato sienna cornflower black misty
tomato sienna hot chartreuse dodger
tomato thistle grey slate dark
tomato turquoise dim powder ivory
tomato turquoise lawn plum hot
tomato white plum blush moccasin
turquoise antique brown violet plum
turquoise bisque khaki coral antique
turquoise bisque wheat cornflower forest
turquoise burnished orchid firebrick blush
turquoise coral violet dim midnight
turquoise deep salmon dodger sienna
turquoise dodger lemon antique green
turquoise firebrick mint bisque spring
turquoise forest orchid cream blue
turquoise ghost navy tan khaki
turquoise goldenrod forest chiffon lace
turquoise honeydew dim saddle grey
turquoise indian cornsilk pink seashell
turquoise indian lemon lavender misty
turquoise indian white bisque chartreuse
turquoise lemon deep chiffon red
turquoise lime royal metallic azure
turquoise orchid plum green tomato
turquoise orchid steel navy chocolate
turquoise papaya dim hot navajo
turquoise peru light aquamarine dark
turquoise rose navajo deep chiffon
turquoise sandy drab dodger cyan
turquoise snow navy brown lime
turquoise thistle purple salmon dim
turquoise wheat smoke puff steel
turquoise white papaya grey puff
turquoise white peru antique chiffon
turquoise yellow dim purple antique
turquoise yellow maroon slate wheat
violet beige lime dark metallic
violet burnished firebrick slate moccasin
violet coral blanched orange light
violet dark midnight lawn cream
violet deep blanched drab white
violet dodger cyan orange moccasin
violet firebrick cream peru white
violet frosted red papaya drab
violet honeydew bisque sienna orchid
violet ivory orchid rose frosted
violet medium dark red smoke
violet mint moccasin black olive
violet peach puff orange white
violet plum burlywood navajo cyan
violet plum metallic yellow lavender
violet puff chocolate indian deep
violet red ivory antique magenta
violet seashell firebrick dark navajo
violet spring aquamarine cream sky
violet white steel chocolate burlywood
wheat blush forest metallic navajo
wheat blush green puff tan
wheat brown gainsboro green ghost
wheat chiffon cyan misty moccasin
wheat coral navajo cornflower dark
wheat dim moccasin royal seashell
wheat floral snow rose orchid
wheat frosted chiffon aquamarine saddle
wheat ghost honeydew plum grey
wheat lawn brown peach mint
wheat lemon powder seashell green
wheat plum goldenrod mint pink
wheat salmon forest lavender papaya
wheat seashell azure chartreuse dodger
wheat seashell firebrick beige turquoise
wheat slate ghost drab dodger
wheat thistle puff spring medium
wheat tomato cyan lemon maroon
wheat white honeydew almond coral
white antique aquamarine dim ivory
white azure rosy blanched lawn
white beige firebrick dodger olive
white black burnished brown medium
white blue bisque orchid puff
white burlywood chocolate powder beige
white burnished turquoise cornsilk salmon
white burnished turquoise sky orange
white chiffon blue green violet
white cornflower honeydew red ivory
white dim cornflower sky seashell
white dim green aquamarine turquoise
white frosted maroon ghost yellow
white green ghost frosted aquamarine
white honeydew orange saddle black
white magenta steel khaki floral
white maroon firebrick snow light
white olive navajo bisque thistle
white orange antique beige aquamarine
white peru burnished moccasin seashell
white red lace deep pale
white seashell khaki almond antique
white sky antique tomato chartreuse
white sky mint chiffon blanched
white tan metallic rosy salmon
white turquoise olive cornflower pale
yellow blue slate hot honeydew
yellow blush drab lavender floral
yellow cornflower sky grey puff
yellow linen white magenta lace
yellow maroon antique tan grey
yellow metallic chocolate goldenrod royal
yellow mint saddle dodger orchid
yellow orchid blue olive lavender
yellow orchid dark light smoke
yellow orchid dim cyan burlywood
yellow powder navajo maroon chartreuse
yellow tomato lawn rosy lemon
yellow turquoise peru purple cornflower
yellow white ghost lavender salmon
yellow white puff orange rosy
